app/build/outputs/logs/manifest-merger-debug-report.txt
-- Merging decision tree log ---
provider#cn.jpush.android.service.DataProvider
INJECTED from src/main/AndroidManifest.xml:219:9-223:42
	android:process
		ADDED from src/main/AndroidManifest.xml:223:13-40
	android:authorities
		INJECTED from src/main/AndroidManifest.xml
		ADDED from src/main/AndroidManifest.xml:221:13-64
	android:exported
		ADDED from src/main/AndroidManifest.xml:222:13-37
	android:name
		ADDED from src/main/AndroidManifest.xml:220:13-65
category#com.noplugins.keepfit.userplatform
INJECTED from src/main/AndroidManifest.xml:232:17-60
INJECTED from src/main/AndroidManifest.xml:245:17-60
	android:name
		INJECTED from src/main/AndroidManifest.xml
		INJECTED from src/main/AndroidManifest.xml
		ADDED from src/main/AndroidManifest.xml:232:27-58
provider#cn.jpush.android.service.DownloadProvider
INJECTED from src/main/AndroidManifest.xml:235:9-238:38
	android:authorities
		INJECTED from src/main/AndroidManifest.xml
		ADDED from src/main/AndroidManifest.xml:237:13-68
	android:exported
		ADDED from src/main/AndroidManifest.xml:238:13-36
	android:name
		ADDED from src/main/AndroidManifest.xml:236:13-69
manifest
ADDED from src/main/AndroidManifest.xml:2:1-395:12
INJECTED from src/main/AndroidManifest.xml:2:1-395:12
INJECTED from src/main/AndroidManifest.xml:2:1-395:12
INJECTED from src/main/AndroidManifest.xml:2:1-395:12
MERGED from [com.lxj:xpopup:1.8.10-x] AndroidManifest.xml:2:1-11:12
MERGED from [com.lxj:easyadapter:1.1.1] AndroidManifest.xml:2:1-11:12
MERGED from [:easyPhotos] AndroidManifest.xml:2:1-45:12
MERGED from [com.google.android.material:material:1.0.0] AndroidManifest.xml:17:1-24:12
MERGED from [pub.devrel:easypermissions:3.0.0] AndroidManifest.xml:2:1-19:12
MERGED from [:LoadManager] AndroidManifest.xml:2:1-17:12
MERGED from [:spinner_lib] AndroidManifest.xml:2:1-11:12
MERGED from [:viewpagerindicator] AndroidManifest.xml:2:1-11:12
MERGED from [:timelinelibrary] AndroidManifest.xml:2:1-17:12
MERGED from [:calendarview] AndroidManifest.xml:2:1-17:12
MERGED from [com.openxu.viewlib:OXViewLib:1.0.2] AndroidManifest.xml:2:1-11:12
MERGED from [:datepicker] AndroidManifest.xml:2:1-11:12
MERGED from [:zzsecondarylinkage] AndroidManifest.xml:2:1-11:12
MERGED from [:libbannerandroidx] AndroidManifest.xml:2:1-11:12
MERGED from [:updatelib] AndroidManifest.xml:2:1-66:12
MERGED from [com.lxj:xpermission:1.0.1] AndroidManifest.xml:2:1-22:12
MERGED from [androidx.appcompat:appcompat:1.1.0] AndroidManifest.xml:17:1-24:12
MERGED from [androidx.core:core-ktx:1.0.2] AndroidManifest.xml:2:1-7:12
MERGED from [androidx.constraintlayout:constraintlayout:1.1.3] AndroidManifest.xml:2:1-11:12
MERGED from [:WheelPicker] AndroidManifest.xml:2:1-11:12
MERGED from [:Popup] AndroidManifest.xml:2:1-11:12
MERGED from [:WheelView] AndroidManifest.xml:2:1-11:12
MERGED from [com.orhanobut:logger:2.2.0] AndroidManifest.xml:2:1-8:12
MERGED from [:okhttputils] AndroidManifest.xml:2:1-11:12
MERGED from [:XrefreshLibrary] AndroidManifest.xml:2:1-11:12
MERGED from [androidx.legacy:legacy-support-v4:1.0.0] AndroidManifest.xml:17:1-22:12
MERGED from [androidx.recyclerview:recyclerview:1.0.0] AndroidManifest.xml:17:1-22:12
MERGED from [androidx.legacy:legacy-support-core-ui:1.0.0] AndroidManifest.xml:17:1-22:12
MERGED from [com.github.chrisbanes:PhotoView:2.1.3] AndroidManifest.xml:2:1-12:12
MERGED from [androidx.legacy:legacy-support-core-utils:1.0.0] AndroidManifest.xml:17:1-22:12
MERGED from [androidx.transition:transition:1.0.0] AndroidManifest.xml:17:1-22:12
MERGED from [androidx.cardview:cardview:1.0.0] AndroidManifest.xml:17:1-22:12
MERGED from [androidx.lifecycle:lifecycle-extensions:2.0.0] AndroidManifest.xml:17:1-25:12
MERGED from [androidx.fragment:fragment:1.1.0] AndroidManifest.xml:17:1-24:12
MERGED from [androidx.loader:loader:1.0.0] AndroidManifest.xml:17:1-22:12
MERGED from [androidx.lifecycle:lifecycle-livedata:2.0.0] AndroidManifest.xml:17:1-22:12
MERGED from [androidx.lifecycle:lifecycle-livedata-core:2.0.0] AndroidManifest.xml:17:1-22:12
MERGED from [androidx.arch.core:core-runtime:2.0.0] AndroidManifest.xml:17:1-22:12
MERGED from [androidx.media:media:1.0.0] AndroidManifest.xml:17:1-22:12
MERGED from [androidx.documentfile:documentfile:1.0.0] AndroidManifest.xml:17:1-22:12
MERGED from [androidx.localbroadcastmanager:localbroadcastmanager:1.0.0] AndroidManifest.xml:17:1-22:12
MERGED from [androidx.print:print:1.0.0] AndroidManifest.xml:17:1-22:12
MERGED from [androidx.viewpager:viewpager:1.0.0] AndroidManifest.xml:17:1-22:12
MERGED from [androidx.coordinatorlayout:coordinatorlayout:1.0.0] AndroidManifest.xml:17:1-22:12
MERGED from [androidx.drawerlayout:drawerlayout:1.0.0] AndroidManifest.xml:17:1-22:12
MERGED from [androidx.slidingpanelayout:slidingpanelayout:1.0.0] AndroidManifest.xml:17:1-22:12
MERGED from [androidx.customview:customview:1.0.0] AndroidManifest.xml:17:1-22:12
MERGED from [androidx.swiperefreshlayout:swiperefreshlayout:1.0.0] AndroidManifest.xml:17:1-22:12
MERGED from [androidx.appcompat:appcompat-resources:1.1.0] AndroidManifest.xml:17:1-24:12
MERGED from [androidx.vectordrawable:vectordrawable-animated:1.1.0] AndroidManifest.xml:17:1-24:12
MERGED from [androidx.interpolator:interpolator:1.0.0] AndroidManifest.xml:17:1-22:12
MERGED from [androidx.asynclayoutinflater:asynclayoutinflater:1.0.0] AndroidManifest.xml:17:1-22:12
MERGED from [androidx.cursoradapter:cursoradapter:1.0.0] AndroidManifest.xml:17:1-22:12
MERGED from [com.jakewharton:butterknife:10.1.0] AndroidManifest.xml:2:1-7:12
MERGED from [com.jakewharton:butterknife-runtime:10.1.0] AndroidManifest.xml:2:1-7:12
MERGED from [androidx.activity:activity:1.0.0] AndroidManifest.xml:17:1-24:12
MERGED from [androidx.vectordrawable:vectordrawable:1.1.0] AndroidManifest.xml:17:1-24:12
MERGED from [androidx.core:core:1.1.0] AndroidManifest.xml:17:1-26:12
MERGED from [androidx.versionedparcelable:versionedparcelable:1.1.0] AndroidManifest.xml:17:1-27:12
MERGED from [androidx.lifecycle:lifecycle-process:2.0.0] AndroidManifest.xml:17:1-30:12
MERGED from [androidx.lifecycle:lifecycle-service:2.0.0] AndroidManifest.xml:17:1-22:12
MERGED from [androidx.lifecycle:lifecycle-runtime:2.1.0] AndroidManifest.xml:17:1-22:12
MERGED from [androidx.lifecycle:lifecycle-viewmodel:2.1.0] AndroidManifest.xml:17:1-22:12
MERGED from [androidx.savedstate:savedstate:1.0.0] AndroidManifest.xml:17:1-24:12
MERGED from [androidx.multidex:multidex:2.0.0] AndroidManifest.xml:17:1-22:12
MERGED from [com.tbruyelle.rxpermissions2:rxpermissions:0.9.1] AndroidManifest.xml:2:1-13:12
MERGED from [io.reactivex.rxjava2:rxandroid:2.0.1] AndroidManifest.xml:15:1-21:12
MERGED from [io.reactivex:rxandroid:1.2.0] AndroidManifest.xml:15:1-21:12
MERGED from [com.github.CymChad:BaseRecyclerViewAdapterHelper:2.9.47-androidx] AndroidManifest.xml:2:1-11:12
MERGED from [com.yanzhenjie:permission:2.0.0-rc4] AndroidManifest.xml:17:1-33:12
MERGED from [com.vivian.widgets:TimeLineItemDecoration:1.5] AndroidManifest.xml:2:1-17:12
MERGED from [de.hdodenhof:circleimageview:2.1.0] AndroidManifest.xml:2:1-11:12
MERGED from [cn.jiguang.sdk:janalytics:2.1.0] AndroidManifest.xml:2:1-48:12
MERGED from [org.linwg1988:lcardview:1.4.2] AndroidManifest.xml:2:1-11:12
MERGED from [:alipaySdk-15.6.5-20190718211148:] AndroidManifest.xml:2:1-57:12
MERGED from [com.tencent.bugly:crashreport:3.2.1] AndroidManifest.xml:2:1-9:12
MERGED from [top.zibin:Luban:1.1.8] AndroidManifest.xml:2:1-11:12
MERGED from [com.scwang.smartrefresh:SmartRefreshLayout:1.1.0] AndroidManifest.xml:2:1-17:12
INJECTED from src/main/AndroidManifest.xml:2:1-395:12
INJECTED from src/main/AndroidManifest.xml:2:1-395:12
INJECTED from src/main/AndroidManifest.xml:2:1-395:12
	package
		ADDED from src/main/AndroidManifest.xml:4:11-55
		INJECTED from src/main/AndroidManifest.xml
		INJECTED from src/main/AndroidManifest.xml
	android:versionName
		INJECTED from src/main/AndroidManifest.xml
		ADDED from src/main/AndroidManifest.xml:2:1-395:12
		INJECTED from src/main/AndroidManifest.xml
	xmlns:tools
		ADDED from src/main/AndroidManifest.xml:3:11-57
	android:versionCode
		INJECTED from src/main/AndroidManifest.xml
		ADDED from src/main/AndroidManifest.xml:2:1-395:12
		INJECTED from src/main/AndroidManifest.xml
	xmlns:android
		ADDED from src/main/AndroidManifest.xml:2:11-69
uses-permission#android.permission.ACCESS_COARSE_LOCATION
ADDED from src/main/AndroidManifest.xml:6:5-80
MERGED from [cn.jiguang.sdk:janalytics:2.1.0] AndroidManifest.xml:25:5-81
MERGED from [cn.jiguang.sdk:janalytics:2.1.0] AndroidManifest.xml:25:5-81
	android:name
		ADDED from src/main/AndroidManifest.xml:6:22-78
uses-permission#android.permission.MODIFY_AUDIO_SETTINGS
ADDED from src/main/AndroidManifest.xml:7:5-79
	android:name
		ADDED from src/main/AndroidManifest.xml:7:22-77
uses-permission#android.permission.MANAGE_ACCOUNTS
ADDED from src/main/AndroidManifest.xml:8:5-73
	android:name
		ADDED from src/main/AndroidManifest.xml:8:22-71
uses-permission#android.permission.GET_ACCOUNTS
ADDED from src/main/AndroidManifest.xml:9:5-70
	android:name
		ADDED from src/main/AndroidManifest.xml:9:22-68
uses-permission#android.permission.INTERNET
ADDED from src/main/AndroidManifest.xml:10:5-66
MERGED from [:updatelib] AndroidManifest.xml:11:5-67
MERGED from [:updatelib] AndroidManifest.xml:11:5-67
MERGED from [cn.jiguang.sdk:janalytics:2.1.0] AndroidManifest.xml:12:5-67
MERGED from [cn.jiguang.sdk:janalytics:2.1.0] AndroidManifest.xml:12:5-67
MERGED from [:alipaySdk-15.6.5-20190718211148:] AndroidManifest.xml:18:5-67
MERGED from [:alipaySdk-15.6.5-20190718211148:] AndroidManifest.xml:18:5-67
	android:name
		ADDED from src/main/AndroidManifest.xml:10:22-64
uses-permission#android.permission.READ_PHONE_STATE
ADDED from src/main/AndroidManifest.xml:11:5-74
MERGED from [cn.jiguang.sdk:janalytics:2.1.0] AndroidManifest.xml:14:5-75
MERGED from [cn.jiguang.sdk:janalytics:2.1.0] AndroidManifest.xml:14:5-75
	android:name
		ADDED from src/main/AndroidManifest.xml:11:22-72
uses-permission#android.permission.VIBRATE
ADDED from src/main/AndroidManifest.xml:12:5-65
MERGED from [:updatelib] AndroidManifest.xml:14:5-66
MERGED from [:updatelib] AndroidManifest.xml:14:5-66
MERGED from [cn.jiguang.sdk:janalytics:2.1.0] AndroidManifest.xml:18:5-66
MERGED from [cn.jiguang.sdk:janalytics:2.1.0] AndroidManifest.xml:18:5-66
	android:name
		ADDED from src/main/AndroidManifest.xml:12:22-63
uses-permission#android.permission.WAKE_LOCK
ADDED from src/main/AndroidManifest.xml:13:5-67
MERGED from [:updatelib] AndroidManifest.xml:16:5-68
MERGED from [:updatelib] AndroidManifest.xml:16:5-68
MERGED from [cn.jiguang.sdk:janalytics:2.1.0] AndroidManifest.xml:13:5-68
MERGED from [cn.jiguang.sdk:janalytics:2.1.0] AndroidManifest.xml:13:5-68
	android:name
		ADDED from src/main/AndroidManifest.xml:13:22-65
uses-permission#android.permission.CAMERA
ADDED from src/main/AndroidManifest.xml:14:5-64
MERGED from [:easyPhotos] AndroidManifest.xml:12:5-65
MERGED from [:easyPhotos] AndroidManifest.xml:12:5-65
	android:name
		ADDED from src/main/AndroidManifest.xml:14:22-62
uses-feature#android.hardware.camera
ADDED from src/main/AndroidManifest.xml:16:5-59
	android:name
		ADDED from src/main/AndroidManifest.xml:16:19-57
uses-feature#android.hardware.autofocus
ADDED from src/main/AndroidManifest.xml:17:5-62
	android:name
		ADDED from src/main/AndroidManifest.xml:17:19-60
uses-permission#android.permission.READ_EXTERNAL_STORAGE
ADDED from src/main/AndroidManifest.xml:19:5-79
MERGED from [:easyPhotos] AndroidManifest.xml:13:5-80
MERGED from [:easyPhotos] AndroidManifest.xml:13:5-80
MERGED from [:updatelib] AndroidManifest.xml:13:5-80
MERGED from [:updatelib] AndroidManifest.xml:13:5-80
MERGED from [cn.jiguang.sdk:janalytics:2.1.0] AndroidManifest.xml:16:5-80
MERGED from [cn.jiguang.sdk:janalytics:2.1.0] AndroidManifest.xml:16:5-80
	android:name
		ADDED from src/main/AndroidManifest.xml:19:22-77
uses-permission#android.permission.RECEIVE_BOOT_COMPLETED
ADDED from src/main/AndroidManifest.xml:20:5-80
	android:name
		ADDED from src/main/AndroidManifest.xml:20:22-78
uses-permission#android.permission.RECORD_AUDIO
ADDED from src/main/AndroidManifest.xml:21:5-70
	android:name
		ADDED from src/main/AndroidManifest.xml:21:22-68
uses-permission#android.permission.READ_SETTINGS
ADDED from src/main/AndroidManifest.xml:22:5-71
	android:name
		ADDED from src/main/AndroidManifest.xml:22:22-69
uses-permission#android.permission.RESTART_PACKAGES
ADDED from src/main/AndroidManifest.xml:23:5-74
	android:name
		ADDED from src/main/AndroidManifest.xml:23:22-72
uses-permission#android.permission.BROADCAST_STICKY
ADDED from src/main/AndroidManifest.xml:24:5-74
	android:name
		ADDED from src/main/AndroidManifest.xml:24:22-72
uses-permission#android.permission.KILL_BACKGROUND_PROCESSES
ADDED from src/main/AndroidManifest.xml:25:5-83
	android:name
		ADDED from src/main/AndroidManifest.xml:25:22-81
uses-permission#android.permission.BLUETOOTH
ADDED from src/main/AndroidManifest.xml:26:5-67
	android:name
		ADDED from src/main/AndroidManifest.xml:26:22-65
uses-permission#android.permission.CALL_PHONE
ADDED from src/main/AndroidManifest.xml:27:5-68
	android:name
		ADDED from src/main/AndroidManifest.xml:27:22-66
uses-permission#android.permission.RECEIVE_USER_PRESENT
ADDED from src/main/AndroidManifest.xml:28:5-78
MERGED from [cn.jiguang.sdk:janalytics:2.1.0] AndroidManifest.xml:11:5-79
MERGED from [cn.jiguang.sdk:janalytics:2.1.0] AndroidManifest.xml:11:5-79
	android:name
		ADDED from src/main/AndroidManifest.xml:28:22-76
uses-permission#android.permission.SYSTEM_ALERT_WINDOW
ADDED from src/main/AndroidManifest.xml:29:5-77
MERGED from [cn.jiguang.sdk:janalytics:2.1.0] AndroidManifest.xml:24:5-78
MERGED from [cn.jiguang.sdk:janalytics:2.1.0] AndroidManifest.xml:24:5-78
	android:name
		ADDED from src/main/AndroidManifest.xml:29:22-75
uses-permission#android.permission.CHANGE_NETWORK_STATE
ADDED from src/main/AndroidManifest.xml:30:5-78
MERGED from [cn.jiguang.sdk:janalytics:2.1.0] AndroidManifest.xml:29:5-79
MERGED from [cn.jiguang.sdk:janalytics:2.1.0] AndroidManifest.xml:29:5-79
	android:name
		ADDED from src/main/AndroidManifest.xml:30:22-76
uses-permission#android.permission.GET_TASKS
ADDED from src/main/AndroidManifest.xml:31:5-67
MERGED from [cn.jiguang.sdk:janalytics:2.1.0] AndroidManifest.xml:30:5-68
MERGED from [cn.jiguang.sdk:janalytics:2.1.0] AndroidManifest.xml:30:5-68
	android:name
		ADDED from src/main/AndroidManifest.xml:31:22-65
uses-permission#android.permission.REQUEST_INSTALL_PACKAGES
ADDED from src/main/AndroidManifest.xml:32:5-82
MERGED from [:updatelib] AndroidManifest.xml:15:5-83
MERGED from [:updatelib] AndroidManifest.xml:15:5-83
	android:name
		ADDED from src/main/AndroidManifest.xml:32:22-80
uses-permission#com.huawei.android.launcher.permission.CHANGE_BADGE
ADDED from src/main/AndroidManifest.xml:33:5-90
	android:name
		ADDED from src/main/AndroidManifest.xml:33:22-88
uses-permission#android.permission.FLASHLIGHT
ADDED from src/main/AndroidManifest.xml:34:5-68
	android:name
		ADDED from src/main/AndroidManifest.xml:34:22-66
permission#com.noplugins.keepfit.userplatform.permission.JPUSH_MESSAGE
ADDED from src/main/AndroidManifest.xml:35:5-37:46
	android:protectionLevel
		ADDED from src/main/AndroidManifest.xml:37:9-44
	android:name
		ADDED from src/main/AndroidManifest.xml:36:9-83
uses-permission#com.noplugins.keepfit.userplatform.permission.JPUSH_MESSAGE
ADDED from src/main/AndroidManifest.xml:38:5-98
	android:name
		ADDED from src/main/AndroidManifest.xml:38:22-96
uses-permission#android.permission.MOUNT_UNMOUNT_FILESYSTEMS
ADDED from src/main/AndroidManifest.xml:39:5-83
MERGED from [:easyPhotos] AndroidManifest.xml:15:5-17:47
MERGED from [:easyPhotos] AndroidManifest.xml:15:5-17:47
MERGED from [cn.jiguang.sdk:janalytics:2.1.0] AndroidManifest.xml:19:5-84
MERGED from [cn.jiguang.sdk:janalytics:2.1.0] AndroidManifest.xml:19:5-84
	tools:ignore
		ADDED from [:easyPhotos] AndroidManifest.xml:17:9-44
	android:name
		ADDED from src/main/AndroidManifest.xml:39:22-81
uses-permission#android.permission.ACCESS_BACKGROUND_LOCATION
ADDED from src/main/AndroidManifest.xml:40:5-84
	android:name
		ADDED from src/main/AndroidManifest.xml:40:22-82
uses-permission#android.permission.ACCESS_FINE_LOCATION
ADDED from src/main/AndroidManifest.xml:43:5-78
MERGED from [cn.jiguang.sdk:janalytics:2.1.0] AndroidManifest.xml:27:5-79
MERGED from [cn.jiguang.sdk:janalytics:2.1.0] AndroidManifest.xml:27:5-79
	android:name
		ADDED from src/main/AndroidManifest.xml:43:22-76
uses-permission#android.permission.ACCESS_NETWORK_STATE
ADDED from src/main/AndroidManifest.xml:44:5-78
MERGED from [cn.jiguang.sdk:janalytics:2.1.0] AndroidManifest.xml:20:5-79
MERGED from [cn.jiguang.sdk:janalytics:2.1.0] AndroidManifest.xml:20:5-79
MERGED from [:alipaySdk-15.6.5-20190718211148:] AndroidManifest.xml:19:5-79
MERGED from [:alipaySdk-15.6.5-20190718211148:] AndroidManifest.xml:19:5-79
	android:name
		ADDED from src/main/AndroidManifest.xml:44:22-76
uses-permission#android.permission.ACCESS_WIFI_STATE
ADDED from src/main/AndroidManifest.xml:45:5-75
MERGED from [cn.jiguang.sdk:janalytics:2.1.0] AndroidManifest.xml:21:5-76
MERGED from [cn.jiguang.sdk:janalytics:2.1.0] AndroidManifest.xml:21:5-76
MERGED from [:alipaySdk-15.6.5-20190718211148:] AndroidManifest.xml:20:5-76
MERGED from [:alipaySdk-15.6.5-20190718211148:] AndroidManifest.xml:20:5-76
	android:name
		ADDED from src/main/AndroidManifest.xml:45:22-73
uses-permission#android.permission.CHANGE_WIFI_STATE
ADDED from src/main/AndroidManifest.xml:46:5-75
MERGED from [cn.jiguang.sdk:janalytics:2.1.0] AndroidManifest.xml:26:5-76
MERGED from [cn.jiguang.sdk:janalytics:2.1.0] AndroidManifest.xml:26:5-76
	android:name
		ADDED from src/main/AndroidManifest.xml:46:22-73
uses-permission#android.permission.WRITE_EXTERNAL_STORAGE
ADDED from src/main/AndroidManifest.xml:47:5-80
MERGED from [:easyPhotos] AndroidManifest.xml:14:5-81
MERGED from [:easyPhotos] AndroidManifest.xml:14:5-81
MERGED from [:updatelib] AndroidManifest.xml:12:5-81
MERGED from [:updatelib] AndroidManifest.xml:12:5-81
MERGED from [cn.jiguang.sdk:janalytics:2.1.0] AndroidManifest.xml:15:5-81
MERGED from [cn.jiguang.sdk:janalytics:2.1.0] AndroidManifest.xml:15:5-81
	android:name
		ADDED from src/main/AndroidManifest.xml:47:22-78
uses-permission#android.permission.ACCESS_LOCATION_EXTRA_COMMANDS
ADDED from src/main/AndroidManifest.xml:48:5-88
MERGED from [cn.jiguang.sdk:janalytics:2.1.0] AndroidManifest.xml:28:5-89
MERGED from [cn.jiguang.sdk:janalytics:2.1.0] AndroidManifest.xml:28:5-89
	android:name
		ADDED from src/main/AndroidManifest.xml:48:22-86
uses-permission#android.permission.BLUETOOTH_ADMIN
ADDED from src/main/AndroidManifest.xml:50:5-73
	android:name
		ADDED from src/main/AndroidManifest.xml:50:22-71
uses-permission#android.permission.
ADDED from src/main/AndroidManifest.xml:51:5-58
	android:name
		ADDED from src/main/AndroidManifest.xml:51:22-56
uses-permission#android.permission.READ_LOGS
ADDED from src/main/AndroidManifest.xml:52:5-67
	android:name
		ADDED from src/main/AndroidManifest.xml:52:22-65
uses-permission#android.permission.NFC
ADDED from src/main/AndroidManifest.xml:53:5-61
	android:name
		ADDED from src/main/AndroidManifest.xml:53:22-59
uses-feature#android.hardware.nfc.hce
ADDED from src/main/AndroidManifest.xml:55:5-60
	android:name
		ADDED from src/main/AndroidManifest.xml:55:19-58
uses-permission#org.simalliance.openmobileapi.SMARTCARD
ADDED from src/main/AndroidManifest.xml:57:5-78
	android:name
		ADDED from src/main/AndroidManifest.xml:57:22-76
application
ADDED from src/main/AndroidManifest.xml:59:5-393:19
MERGED from [:easyPhotos] AndroidManifest.xml:19:5-43:19
MERGED from [:easyPhotos] AndroidManifest.xml:19:5-43:19
MERGED from [com.google.android.material:material:1.0.0] AndroidManifest.xml:22:5-20
MERGED from [com.google.android.material:material:1.0.0] AndroidManifest.xml:22:5-20
MERGED from [pub.devrel:easypermissions:3.0.0] AndroidManifest.xml:11:5-17:19
MERGED from [pub.devrel:easypermissions:3.0.0] AndroidManifest.xml:11:5-17:19
MERGED from [:LoadManager] AndroidManifest.xml:11:5-15:19
MERGED from [:LoadManager] AndroidManifest.xml:11:5-15:19
MERGED from [:timelinelibrary] AndroidManifest.xml:11:5-15:19
MERGED from [:timelinelibrary] AndroidManifest.xml:11:5-15:19
MERGED from [:calendarview] AndroidManifest.xml:11:5-15:19
MERGED from [:calendarview] AndroidManifest.xml:11:5-15:19
MERGED from [:updatelib] AndroidManifest.xml:19:5-64:19
MERGED from [:updatelib] AndroidManifest.xml:19:5-64:19
MERGED from [com.lxj:xpermission:1.0.1] AndroidManifest.xml:11:5-20:19
MERGED from [com.lxj:xpermission:1.0.1] AndroidManifest.xml:11:5-20:19
MERGED from [androidx.constraintlayout:constraintlayout:1.1.3] AndroidManifest.xml:9:5-20
MERGED from [androidx.constraintlayout:constraintlayout:1.1.3] AndroidManifest.xml:9:5-20
MERGED from [androidx.lifecycle:lifecycle-extensions:2.0.0] AndroidManifest.xml:22:5-23:19
MERGED from [androidx.lifecycle:lifecycle-extensions:2.0.0] AndroidManifest.xml:22:5-23:19
MERGED from [androidx.core:core:1.1.0] AndroidManifest.xml:24:5-89
MERGED from [androidx.core:core:1.1.0] AndroidManifest.xml:24:5-89
MERGED from [androidx.versionedparcelable:versionedparcelable:1.1.0] AndroidManifest.xml:24:5-25:19
MERGED from [androidx.versionedparcelable:versionedparcelable:1.1.0] AndroidManifest.xml:24:5-25:19
MERGED from [androidx.lifecycle:lifecycle-process:2.0.0] AndroidManifest.xml:22:5-28:19
MERGED from [androidx.lifecycle:lifecycle-process:2.0.0] AndroidManifest.xml:22:5-28:19
MERGED from [com.tbruyelle.rxpermissions2:rxpermissions:0.9.1] AndroidManifest.xml:11:5-20
MERGED from [com.tbruyelle.rxpermissions2:rxpermissions:0.9.1] AndroidManifest.xml:11:5-20
MERGED from [com.yanzhenjie:permission:2.0.0-rc4] AndroidManifest.xml:24:5-31:19
MERGED from [com.yanzhenjie:permission:2.0.0-rc4] AndroidManifest.xml:24:5-31:19
MERGED from [com.vivian.widgets:TimeLineItemDecoration:1.5] AndroidManifest.xml:11:5-15:19
MERGED from [com.vivian.widgets:TimeLineItemDecoration:1.5] AndroidManifest.xml:11:5-15:19
MERGED from [de.hdodenhof:circleimageview:2.1.0] AndroidManifest.xml:9:5-20
MERGED from [de.hdodenhof:circleimageview:2.1.0] AndroidManifest.xml:9:5-20
MERGED from [cn.jiguang.sdk:janalytics:2.1.0] AndroidManifest.xml:32:5-46:19
MERGED from [cn.jiguang.sdk:janalytics:2.1.0] AndroidManifest.xml:32:5-46:19
MERGED from [:alipaySdk-15.6.5-20190718211148:] AndroidManifest.xml:22:5-55:19
MERGED from [:alipaySdk-15.6.5-20190718211148:] AndroidManifest.xml:22:5-55:19
MERGED from [com.scwang.smartrefresh:SmartRefreshLayout:1.1.0] AndroidManifest.xml:11:5-15:19
MERGED from [com.scwang.smartrefresh:SmartRefreshLayout:1.1.0] AndroidManifest.xml:11:5-15:19
	android:screenOrientation
		ADDED from src/main/AndroidManifest.xml:67:9-45
	android:appComponentFactory
		ADDED from [androidx.core:core:1.1.0] AndroidManifest.xml:24:18-86
	android:supportsRtl
		ADDED from src/main/AndroidManifest.xml:68:9-35
	android:label
		ADDED from src/main/AndroidManifest.xml:64:9-41
	android:hardwareAccelerated
		ADDED from src/main/AndroidManifest.xml:62:9-43
	tools:ignore
		ADDED from src/main/AndroidManifest.xml:71:9-48
	android:roundIcon
		ADDED from src/main/AndroidManifest.xml:66:9-54
	android:largeHeap
		ADDED from src/main/AndroidManifest.xml:65:9-33
	android:icon
		ADDED from src/main/AndroidManifest.xml:63:9-43
	android:allowBackup
		ADDED from src/main/AndroidManifest.xml:61:9-35
	android:theme
		ADDED from src/main/AndroidManifest.xml:69:9-65
	android:usesCleartextTraffic
		ADDED from src/main/AndroidManifest.xml:70:9-44
	android:name
		ADDED from src/main/AndroidManifest.xml:60:9-43
activity#com.noplugins.keepfit.userplatform.mvc_demo.MVC_LoginActivity
ADDED from src/main/AndroidManifest.xml:72:9-73:20
	android:name
		ADDED from src/main/AndroidManifest.xml:72:19-61
activity#com.noplugins.keepfit.userplatform.activity.info.XieYiActivity
ADDED from src/main/AndroidManifest.xml:74:9-75:20
	android:name
		ADDED from src/main/AndroidManifest.xml:74:19-62
activity#com.noplugins.keepfit.userplatform.activity.changguan.ChangguanPrivateListActivity
ADDED from src/main/AndroidManifest.xml:76:9-77:20
	android:name
		ADDED from src/main/AndroidManifest.xml:76:19-82
activity#com.noplugins.keepfit.userplatform.activity.info.InformationNameUpdateActivity
ADDED from src/main/AndroidManifest.xml:78:9-79:20
	android:name
		ADDED from src/main/AndroidManifest.xml:78:19-78
activity#com.noplugins.keepfit.userplatform.activity.info.InformationActivity
ADDED from src/main/AndroidManifest.xml:80:9-81:20
	android:name
		ADDED from src/main/AndroidManifest.xml:80:19-68
activity#com.noplugins.keepfit.userplatform.activity.info.SettingActivity
ADDED from src/main/AndroidManifest.xml:82:9-83:20
	android:name
		ADDED from src/main/AndroidManifest.xml:82:19-64
activity#com.noplugins.keepfit.userplatform.activity.team.TeamToPrivateActivity
ADDED from src/main/AndroidManifest.xml:84:9-85:20
	android:name
		ADDED from src/main/AndroidManifest.xml:84:19-70
activity#com.noplugins.keepfit.userplatform.activity.team.TeamDetailActivity
ADDED from src/main/AndroidManifest.xml:86:9-87:20
	android:name
		ADDED from src/main/AndroidManifest.xml:86:19-67
activity#com.noplugins.keepfit.userplatform.activity.teahcher.PrivateClassActivity
ADDED from src/main/AndroidManifest.xml:88:9-89:20
	android:name
		ADDED from src/main/AndroidManifest.xml:88:19-73
activity#com.noplugins.keepfit.userplatform.activity.teahcher.PrivateToCgDetailActivity
ADDED from src/main/AndroidManifest.xml:90:9-91:20
	android:name
		ADDED from src/main/AndroidManifest.xml:90:19-78
activity#com.noplugins.keepfit.userplatform.activity.info.VerificationPhoneActivity
ADDED from src/main/AndroidManifest.xml:92:9-93:20
	android:name
		ADDED from src/main/AndroidManifest.xml:92:19-74
activity#com.noplugins.keepfit.userplatform.activity.info.UpdatePhoneActivity
ADDED from src/main/AndroidManifest.xml:94:9-95:20
	android:name
		ADDED from src/main/AndroidManifest.xml:94:19-68
activity#com.noplugins.keepfit.userplatform.activity.info.SettingPwdActivity
ADDED from src/main/AndroidManifest.xml:96:9-97:20
	android:name
		ADDED from src/main/AndroidManifest.xml:96:19-67
activity#com.noplugins.keepfit.userplatform.activity.info.AccountSecurityActivity
ADDED from src/main/AndroidManifest.xml:98:9-99:20
	android:name
		ADDED from src/main/AndroidManifest.xml:98:19-72
activity#com.noplugins.keepfit.userplatform.activity.dialog.SelectChangguanActivity
ADDED from src/main/AndroidManifest.xml:100:9-105:20
	android:screenOrientation
		ADDED from src/main/AndroidManifest.xml:102:13-49
	tools:ignore
		ADDED from src/main/AndroidManifest.xml:104:13-45
	android:theme
		ADDED from src/main/AndroidManifest.xml:103:13-47
	android:name
		ADDED from src/main/AndroidManifest.xml:101:13-68
activity#com.noplugins.keepfit.userplatform.activity.AdviceActivity
ADDED from src/main/AndroidManifest.xml:106:9-107:20
	android:name
		ADDED from src/main/AndroidManifest.xml:106:19-58
activity#com.noplugins.keepfit.userplatform.activity.CollectionActivity
ADDED from src/main/AndroidManifest.xml:108:9-109:20
	android:name
		ADDED from src/main/AndroidManifest.xml:108:19-62
activity#com.noplugins.keepfit.userplatform.activity.OederDetailActivity
ADDED from src/main/AndroidManifest.xml:110:9-111:20
	android:name
		ADDED from src/main/AndroidManifest.xml:110:19-63
activity#com.noplugins.keepfit.userplatform.activity.MessageDetailActivity
ADDED from src/main/AndroidManifest.xml:112:9-113:20
	android:name
		ADDED from src/main/AndroidManifest.xml:112:19-65
activity#com.noplugins.keepfit.userplatform.activity.teahcher.PrivateDetailActivity
ADDED from src/main/AndroidManifest.xml:114:9-115:20
	android:name
		ADDED from src/main/AndroidManifest.xml:114:19-74
activity#com.noplugins.keepfit.userplatform.activity.OrderManageActivity
ADDED from src/main/AndroidManifest.xml:116:9-119:20
	android:hardwareAccelerated
		ADDED from src/main/AndroidManifest.xml:118:13-47
	android:name
		ADDED from src/main/AndroidManifest.xml:117:13-57
activity#com.noplugins.keepfit.userplatform.activity.BodyResouceActivity
ADDED from src/main/AndroidManifest.xml:120:9-123:20
	android:hardwareAccelerated
		ADDED from src/main/AndroidManifest.xml:122:13-47
	android:name
		ADDED from src/main/AndroidManifest.xml:121:13-57
activity#com.noplugins.keepfit.userplatform.activity.SearchActivity
ADDED from src/main/AndroidManifest.xml:124:9-125:20
	android:name
		ADDED from src/main/AndroidManifest.xml:124:19-58
activity#com.noplugins.keepfit.userplatform.activity.DailyTravelDetailActivity
ADDED from src/main/AndroidManifest.xml:126:9-129:20
	android:hardwareAccelerated
		ADDED from src/main/AndroidManifest.xml:128:13-48
	android:name
		ADDED from src/main/AndroidManifest.xml:127:13-63
activity#com.noplugins.keepfit.userplatform.activity.TravelActivity
ADDED from src/main/AndroidManifest.xml:130:9-131:20
	android:name
		ADDED from src/main/AndroidManifest.xml:130:19-58
activity#com.noplugins.keepfit.userplatform.activity.CheckCodeActivity
ADDED from src/main/AndroidManifest.xml:132:9-135:20
	android:hardwareAccelerated
		ADDED from src/main/AndroidManifest.xml:134:13-48
	android:name
		ADDED from src/main/AndroidManifest.xml:133:13-55
activity#com.noplugins.keepfit.userplatform.activity.changguan.ChaungguanDetailActivity
ADDED from src/main/AndroidManifest.xml:136:9-137:20
	android:name
		ADDED from src/main/AndroidManifest.xml:136:19-78
meta-data#com.amap.api.v2.apikey
ADDED from src/main/AndroidManifest.xml:139:9-141:63
	android:value
		ADDED from src/main/AndroidManifest.xml:141:13-61
	android:name
		ADDED from src/main/AndroidManifest.xml:140:13-50
service#com.amap.api.location.APSService
ADDED from src/main/AndroidManifest.xml:143:9-67
	android:name
		ADDED from src/main/AndroidManifest.xml:143:18-65
activity#com.noplugins.keepfit.userplatform.activity.PasswordSettingActivity
ADDED from src/main/AndroidManifest.xml:145:9-146:20